  [1m[35m (5.4ms)[0m  [1m[35mCREATE DATABASE "kasu_project_development" ENCODING = 'unicode'[0m
  ↳ /Users/victoriapiazzalonga/.rvm/rubies/ruby-2.7.1/lib/ruby/gems/2.7.0/gems/rake-13.0.1/lib/rake/task.rb:281
  [1m[35m (0.6ms)[0m  [1m[35mCREATE DATABASE "kasu_project_test" ENCODING = 'unicode'[0m
  ↳ /Users/victoriapiazzalonga/.rvm/rubies/ruby-2.7.1/lib/ruby/gems/2.7.0/gems/rake-13.0.1/lib/rake/task.rb:281
  [1m[35m (0.3ms)[0m  [1m[34mSELECT pg_try_advisory_lock(3359605203089069340)[0m
  ↳ /Users/victoriapiazzalonga/.rvm/rubies/ruby-2.7.1/lib/ruby/gems/2.7.0/gems/rake-13.0.1/lib/rake/task.rb:281
  [1m[35m (6.9ms)[0m  [1m[34mSELECT "schema_migrations"."version" FROM "schema_migrations" ORDER BY "schema_migrations"."version" ASC[0m
  ↳ /Users/victoriapiazzalonga/.rvm/rubies/ruby-2.7.1/lib/ruby/gems/2.7.0/gems/rake-13.0.1/lib/rake/task.rb:281
Migrating to DeviseCreateUsers (20201201170029)
  [1m[35m (0.2ms)[0m  [1m[35mBEGIN[0m
  ↳ /Users/victoriapiazzalonga/.rvm/rubies/ruby-2.7.1/lib/ruby/gems/2.7.0/gems/rake-13.0.1/lib/rake/task.rb:281
  [1m[35m (26.9ms)[0m  [1m[35mCREATE TABLE "users" ("id" bigserial primary key, "email" character varying DEFAULT '' NOT NULL, "encrypted_password" character varying DEFAULT '' NOT NULL, "name" character varying, "token_state" integer DEFAULT 1, "reset_password_token" character varying, "reset_password_sent_at" timestamp, "remember_created_at" timestamp, "created_at" timestamp NOT NULL, "updated_at" timestamp NOT NULL)[0m
  ↳ db/migrate/20201201170029_devise_create_users.rb:5
  [1m[35m (0.2ms)[0m  [1m[31mROLLBACK[0m
  ↳ /Users/victoriapiazzalonga/.rvm/rubies/ruby-2.7.1/lib/ruby/gems/2.7.0/gems/rake-13.0.1/lib/rake/task.rb:281
  [1m[35m (0.8ms)[0m  [1m[34mSELECT pg_advisory_unlock(3359605203089069340)[0m
  ↳ /Users/victoriapiazzalonga/.rvm/rubies/ruby-2.7.1/lib/ruby/gems/2.7.0/gems/rake-13.0.1/lib/rake/task.rb:281
  [1m[35m (1.3ms)[0m  [1m[34mSELECT "schema_migrations"."version" FROM "schema_migrations" ORDER BY "schema_migrations"."version" ASC[0m
  ↳ /Users/victoriapiazzalonga/.rvm/rubies/ruby-2.7.1/lib/ruby/gems/2.7.0/gems/rake-13.0.1/lib/rake/task.rb:281
  [1m[35m (1.0ms)[0m  [1m[34mSELECT "schema_migrations"."version" FROM "schema_migrations" ORDER BY "schema_migrations"."version" ASC[0m
  ↳ /Users/victoriapiazzalonga/.rvm/rubies/ruby-2.7.1/lib/ruby/gems/2.7.0/gems/rake-13.0.1/lib/rake/task.rb:281
  [1m[35m (0.6ms)[0m  [1m[34mSELECT "ar_internal_metadata"."value" FROM "ar_internal_metadata" WHERE "ar_internal_metadata"."key" = $1[0m  [["key", "environment"]]
  ↳ /Users/victoriapiazzalonga/.rvm/rubies/ruby-2.7.1/lib/ruby/gems/2.7.0/gems/rake-13.0.1/lib/rake/task.rb:281
  [1m[35m (0.4ms)[0m  [1m[34mSELECT "schema_migrations"."version" FROM "schema_migrations" ORDER BY "schema_migrations"."version" ASC[0m
  ↳ /Users/victoriapiazzalonga/.rvm/rubies/ruby-2.7.1/lib/ruby/gems/2.7.0/gems/rake-13.0.1/lib/rake/task.rb:281
  [1m[35m (0.4ms)[0m  [1m[34mSELECT "ar_internal_metadata"."value" FROM "ar_internal_metadata" WHERE "ar_internal_metadata"."key" = $1[0m  [["key", "environment"]]
  ↳ /Users/victoriapiazzalonga/.rvm/rubies/ruby-2.7.1/lib/ruby/gems/2.7.0/gems/rake-13.0.1/lib/rake/task.rb:281
  [1m[35m (0.3ms)[0m  [1m[34mSELECT "schema_migrations"."version" FROM "schema_migrations" ORDER BY "schema_migrations"."version" ASC[0m
  ↳ /Users/victoriapiazzalonga/.rvm/rubies/ruby-2.7.1/lib/ruby/gems/2.7.0/gems/rake-13.0.1/lib/rake/task.rb:281
  [1m[35m (0.2ms)[0m  [1m[34mSELECT "ar_internal_metadata"."value" FROM "ar_internal_metadata" WHERE "ar_internal_metadata"."key" = $1[0m  [["key", "environment"]]
  ↳ /Users/victoriapiazzalonga/.rvm/rubies/ruby-2.7.1/lib/ruby/gems/2.7.0/gems/rake-13.0.1/lib/rake/task.rb:281
  [1m[35m (47.0ms)[0m  [1m[35mDROP DATABASE IF EXISTS "kasu_project_development"[0m
  ↳ /Users/victoriapiazzalonga/.rvm/rubies/ruby-2.7.1/lib/ruby/gems/2.7.0/gems/rake-13.0.1/lib/rake/task.rb:281
  [1m[35m (49.3ms)[0m  [1m[35mDROP DATABASE IF EXISTS "kasu_project_test"[0m
  ↳ /Users/victoriapiazzalonga/.rvm/rubies/ruby-2.7.1/lib/ruby/gems/2.7.0/gems/rake-13.0.1/lib/rake/task.rb:281
  [1m[35m (625.5ms)[0m  [1m[35mCREATE DATABASE "kasu_project_development" ENCODING = 'unicode'[0m
  ↳ /Users/victoriapiazzalonga/.rvm/rubies/ruby-2.7.1/lib/ruby/gems/2.7.0/gems/rake-13.0.1/lib/rake/task.rb:281
  [1m[35m (94.1ms)[0m  [1m[35mCREATE DATABASE "kasu_project_test" ENCODING = 'unicode'[0m
  ↳ /Users/victoriapiazzalonga/.rvm/rubies/ruby-2.7.1/lib/ruby/gems/2.7.0/gems/rake-13.0.1/lib/rake/task.rb:281
  [1m[35m (9.2ms)[0m  [1m[35mCREATE TABLE "schema_migrations" ("version" character varying NOT NULL PRIMARY KEY)[0m
  ↳ /Users/victoriapiazzalonga/.rvm/rubies/ruby-2.7.1/lib/ruby/gems/2.7.0/gems/rake-13.0.1/lib/rake/task.rb:281
  [1m[35m (4.8ms)[0m  [1m[35mCREATE TABLE "ar_internal_metadata" ("key" character varying NOT NULL PRIMARY KEY, "value" character varying, "created_at" timestamp NOT NULL, "updated_at" timestamp NOT NULL)[0m
  ↳ /Users/victoriapiazzalonga/.rvm/rubies/ruby-2.7.1/lib/ruby/gems/2.7.0/gems/rake-13.0.1/lib/rake/task.rb:281
  [1m[35m (0.2ms)[0m  [1m[34mSELECT pg_try_advisory_lock(3359605203089069340)[0m
  ↳ /Users/victoriapiazzalonga/.rvm/rubies/ruby-2.7.1/lib/ruby/gems/2.7.0/gems/rake-13.0.1/lib/rake/task.rb:281
  [1m[35m (0.6ms)[0m  [1m[34mSELECT "schema_migrations"."version" FROM "schema_migrations" ORDER BY "schema_migrations"."version" ASC[0m
  ↳ /Users/victoriapiazzalonga/.rvm/rubies/ruby-2.7.1/lib/ruby/gems/2.7.0/gems/rake-13.0.1/lib/rake/task.rb:281
Migrating to DeviseCreateUsers (20201201170029)
  [1m[35m (0.2ms)[0m  [1m[35mBEGIN[0m
  ↳ /Users/victoriapiazzalonga/.rvm/rubies/ruby-2.7.1/lib/ruby/gems/2.7.0/gems/rake-13.0.1/lib/rake/task.rb:281
  [1m[35m (5.9ms)[0m  [1m[35mCREATE TABLE "users" ("id" bigserial primary key, "email" character varying DEFAULT '' NOT NULL, "encrypted_password" character varying DEFAULT '' NOT NULL, "name" character varying, "token_state" integer DEFAULT 1, "reset_password_token" character varying, "reset_password_sent_at" timestamp, "remember_created_at" timestamp, "created_at" timestamp NOT NULL, "updated_at" timestamp NOT NULL)[0m
  ↳ db/migrate/20201201170029_devise_create_users.rb:5
  [1m[35m (1.3ms)[0m  [1m[35mCREATE UNIQUE INDEX  "index_users_on_email" ON "users"  ("email")[0m
  ↳ db/migrate/20201201170029_devise_create_users.rb:44
  [1m[35m (1.6ms)[0m  [1m[35mCREATE UNIQUE INDEX  "index_users_on_reset_password_token" ON "users"  ("reset_password_token")[0m
  ↳ db/migrate/20201201170029_devise_create_users.rb:45
  [1m[36mActiveRecord::SchemaMigration Create (0.6ms)[0m  [1m[32mINSERT INTO "schema_migrations" ("version") VALUES ($1) RETURNING "version"[0m  [["version", "20201201170029"]]
  ↳ /Users/victoriapiazzalonga/.rvm/rubies/ruby-2.7.1/lib/ruby/gems/2.7.0/gems/rake-13.0.1/lib/rake/task.rb:281
  [1m[35m (0.5ms)[0m  [1m[35mCOMMIT[0m
  ↳ /Users/victoriapiazzalonga/.rvm/rubies/ruby-2.7.1/lib/ruby/gems/2.7.0/gems/rake-13.0.1/lib/rake/task.rb:281
Migrating to CreateLibraryItems (20201201171650)
  [1m[35m (6.1ms)[0m  [1m[35mBEGIN[0m
  ↳ /Users/victoriapiazzalonga/.rvm/rubies/ruby-2.7.1/lib/ruby/gems/2.7.0/gems/rake-13.0.1/lib/rake/task.rb:281
  [1m[35m (16.4ms)[0m  [1m[35mCREATE TABLE "library_items" ("id" bigserial primary key, "state" character varying, "state_description" text, "token_price" integer, "user_id" bigint, "manga_id" bigint, "created_at" timestamp NOT NULL, "updated_at" timestamp NOT NULL)[0m
  ↳ db/migrate/20201201171650_create_library_items.rb:3
  [1m[35m (1.3ms)[0m  [1m[35mCREATE  INDEX  "index_library_items_on_user_id" ON "library_items"  ("user_id")[0m
  ↳ db/migrate/20201201171650_create_library_items.rb:3
  [1m[35m (1.0ms)[0m  [1m[35mCREATE  INDEX  "index_library_items_on_manga_id" ON "library_items"  ("manga_id")[0m
  ↳ db/migrate/20201201171650_create_library_items.rb:3
  [1m[36mActiveRecord::SchemaMigration Create (0.6ms)[0m  [1m[32mINSERT INTO "schema_migrations" ("version") VALUES ($1) RETURNING "version"[0m  [["version", "20201201171650"]]
  ↳ /Users/victoriapiazzalonga/.rvm/rubies/ruby-2.7.1/lib/ruby/gems/2.7.0/gems/rake-13.0.1/lib/rake/task.rb:281
  [1m[35m (0.9ms)[0m  [1m[35mCOMMIT[0m
  ↳ /Users/victoriapiazzalonga/.rvm/rubies/ruby-2.7.1/lib/ruby/gems/2.7.0/gems/rake-13.0.1/lib/rake/task.rb:281
Migrating to CreateMangas (20201201172315)
  [1m[35m (6.0ms)[0m  [1m[35mBEGIN[0m
  ↳ /Users/victoriapiazzalonga/.rvm/rubies/ruby-2.7.1/lib/ruby/gems/2.7.0/gems/rake-13.0.1/lib/rake/task.rb:281
  [1m[35m (19.9ms)[0m  [1m[35mCREATE TABLE "mangas" ("id" bigserial primary key, "title" character varying, "author" character varying, "description" text, "created_at" timestamp NOT NULL, "updated_at" timestamp NOT NULL)[0m
  ↳ db/migrate/20201201172315_create_mangas.rb:3
  [1m[36mActiveRecord::SchemaMigration Create (0.5ms)[0m  [1m[32mINSERT INTO "schema_migrations" ("version") VALUES ($1) RETURNING "version"[0m  [["version", "20201201172315"]]
  ↳ /Users/victoriapiazzalonga/.rvm/rubies/ruby-2.7.1/lib/ruby/gems/2.7.0/gems/rake-13.0.1/lib/rake/task.rb:281
  [1m[35m (0.5ms)[0m  [1m[35mCOMMIT[0m
  ↳ /Users/victoriapiazzalonga/.rvm/rubies/ruby-2.7.1/lib/ruby/gems/2.7.0/gems/rake-13.0.1/lib/rake/task.rb:281
  [1m[36mActiveRecord::InternalMetadata Load (0.6ms)[0m  [1m[34mSELECT  "ar_internal_metadata".* FROM "ar_internal_metadata" WHERE "ar_internal_metadata"."key" = $1 LIMIT $2[0m  [["key", "environment"], ["LIMIT", 1]]
  ↳ /Users/victoriapiazzalonga/.rvm/rubies/ruby-2.7.1/lib/ruby/gems/2.7.0/gems/rake-13.0.1/lib/rake/task.rb:281
  [1m[35m (0.3ms)[0m  [1m[35mBEGIN[0m
  ↳ /Users/victoriapiazzalonga/.rvm/rubies/ruby-2.7.1/lib/ruby/gems/2.7.0/gems/rake-13.0.1/lib/rake/task.rb:281
  [1m[36mActiveRecord::InternalMetadata Create (2.0ms)[0m  [1m[32mINSERT INTO "ar_internal_metadata" ("key", "value", "created_at", "updated_at") VALUES ($1, $2, $3, $4) RETURNING "key"[0m  [["key", "environment"], ["value", "development"], ["created_at", "2020-12-01 17:30:56.518061"], ["updated_at", "2020-12-01 17:30:56.518061"]]
  ↳ /Users/victoriapiazzalonga/.rvm/rubies/ruby-2.7.1/lib/ruby/gems/2.7.0/gems/rake-13.0.1/lib/rake/task.rb:281
  [1m[35m (0.4ms)[0m  [1m[35mCOMMIT[0m
  ↳ /Users/victoriapiazzalonga/.rvm/rubies/ruby-2.7.1/lib/ruby/gems/2.7.0/gems/rake-13.0.1/lib/rake/task.rb:281
  [1m[35m (0.3ms)[0m  [1m[34mSELECT pg_advisory_unlock(3359605203089069340)[0m
  ↳ /Users/victoriapiazzalonga/.rvm/rubies/ruby-2.7.1/lib/ruby/gems/2.7.0/gems/rake-13.0.1/lib/rake/task.rb:281
  [1m[35m (0.4ms)[0m  [1m[34mSELECT "schema_migrations"."version" FROM "schema_migrations" ORDER BY "schema_migrations"."version" ASC[0m
  ↳ /Users/victoriapiazzalonga/.rvm/rubies/ruby-2.7.1/lib/ruby/gems/2.7.0/gems/rake-13.0.1/lib/rake/task.rb:281
  [1m[35m (0.8ms)[0m  [1m[34mSELECT "schema_migrations"."version" FROM "schema_migrations" ORDER BY "schema_migrations"."version" ASC[0m
  ↳ /Users/victoriapiazzalonga/.rvm/rubies/ruby-2.7.1/lib/ruby/gems/2.7.0/gems/rake-13.0.1/lib/rake/task.rb:281
Started GET "/" for ::1 at 2020-12-01 18:31:46 +0100
  [1m[35m (3.7ms)[0m  [1m[34mSELECT "schema_migrations"."version" FROM "schema_migrations" ORDER BY "schema_migrations"."version" ASC[0m
  ↳ /Users/victoriapiazzalonga/.rvm/gems/ruby-2.7.1/gems/activerecord-5.2.4.4/lib/active_record/log_subscriber.rb:98
Processing by Rails::WelcomeController#index as HTML
  Rendering /Users/victoriapiazzalonga/.rvm/gems/ruby-2.7.1/gems/railties-5.2.4.4/lib/rails/templates/rails/welcome/index.html.erb
  Rendered /Users/victoriapiazzalonga/.rvm/gems/ruby-2.7.1/gems/railties-5.2.4.4/lib/rails/templates/rails/welcome/index.html.erb (7.8ms)
Completed 200 OK in 59ms (Views: 33.8ms | ActiveRecord: 0.0ms)


Started GET "/" for ::1 at 2020-12-01 18:49:25 +0100
  [1m[35m (1.3ms)[0m  [1m[34mSELECT "schema_migrations"."version" FROM "schema_migrations" ORDER BY "schema_migrations"."version" ASC[0m
  ↳ /Users/victoriapiazzalonga/.rvm/gems/ruby-2.7.1/gems/activerecord-5.2.4.4/lib/active_record/log_subscriber.rb:98
Processing by Rails::WelcomeController#index as HTML
  Rendering /Users/victoriapiazzalonga/.rvm/gems/ruby-2.7.1/gems/railties-5.2.4.4/lib/rails/templates/rails/welcome/index.html.erb
  Rendered /Users/victoriapiazzalonga/.rvm/gems/ruby-2.7.1/gems/railties-5.2.4.4/lib/rails/templates/rails/welcome/index.html.erb (6.9ms)
Completed 200 OK in 24ms (Views: 12.7ms | ActiveRecord: 0.0ms)


  [1m[35m (86.2ms)[0m  [1m[35mCREATE DATABASE "kasu_project_development" ENCODING = 'unicode'[0m
  ↳ bin/rails:9
  [1m[35m (31.6ms)[0m  [1m[35mCREATE DATABASE "kasu_project_test" ENCODING = 'unicode'[0m
  ↳ bin/rails:9
  [1m[35m (6.2ms)[0m  [1m[35mCREATE TABLE "schema_migrations" ("version" character varying NOT NULL PRIMARY KEY)[0m
  ↳ bin/rails:9
  [1m[35m (4.2ms)[0m  [1m[35mCREATE TABLE "ar_internal_metadata" ("key" character varying NOT NULL PRIMARY KEY, "value" character varying, "created_at" timestamp NOT NULL, "updated_at" timestamp NOT NULL)[0m
  ↳ bin/rails:9
  [1m[35m (0.2ms)[0m  [1m[34mSELECT pg_try_advisory_lock(3359605203089069340)[0m
  ↳ bin/rails:9
  [1m[35m (0.6ms)[0m  [1m[34mSELECT "schema_migrations"."version" FROM "schema_migrations" ORDER BY "schema_migrations"."version" ASC[0m
  ↳ bin/rails:9
Migrating to DeviseCreateUsers (20201201170029)
  [1m[35m (0.1ms)[0m  [1m[35mBEGIN[0m
  ↳ bin/rails:9
  [1m[35m (4.8ms)[0m  [1m[35mCREATE TABLE "users" ("id" bigserial primary key, "email" character varying DEFAULT '' NOT NULL, "encrypted_password" character varying DEFAULT '' NOT NULL, "name" character varying, "token_state" integer DEFAULT 1, "reset_password_token" character varying, "reset_password_sent_at" timestamp, "remember_created_at" timestamp, "created_at" timestamp NOT NULL, "updated_at" timestamp NOT NULL)[0m
  ↳ db/migrate/20201201170029_devise_create_users.rb:5
  [1m[35m (1.5ms)[0m  [1m[35mCREATE UNIQUE INDEX  "index_users_on_email" ON "users"  ("email")[0m
  ↳ db/migrate/20201201170029_devise_create_users.rb:44
  [1m[35m (1.4ms)[0m  [1m[35mCREATE UNIQUE INDEX  "index_users_on_reset_password_token" ON "users"  ("reset_password_token")[0m
  ↳ db/migrate/20201201170029_devise_create_users.rb:45
  [1m[36mActiveRecord::SchemaMigration Create (0.3ms)[0m  [1m[32mINSERT INTO "schema_migrations" ("version") VALUES ($1) RETURNING "version"[0m  [["version", "20201201170029"]]
  ↳ bin/rails:9
  [1m[35m (0.6ms)[0m  [1m[35mCOMMIT[0m
  ↳ bin/rails:9
Migrating to CreateLibraryItems (20201201171650)
  [1m[35m (0.1ms)[0m  [1m[35mBEGIN[0m
  ↳ bin/rails:9
  [1m[35m (4.0ms)[0m  [1m[35mCREATE TABLE "library_items" ("id" bigserial primary key, "state" character varying, "state_description" text, "token_price" integer, "user_id" bigint, "manga_id" bigint, "created_at" timestamp NOT NULL, "updated_at" timestamp NOT NULL)[0m
  ↳ db/migrate/20201201171650_create_library_items.rb:3
  [1m[35m (1.3ms)[0m  [1m[35mCREATE  INDEX  "index_library_items_on_user_id" ON "library_items"  ("user_id")[0m
  ↳ db/migrate/20201201171650_create_library_items.rb:3
  [1m[35m (1.3ms)[0m  [1m[35mCREATE  INDEX  "index_library_items_on_manga_id" ON "library_items"  ("manga_id")[0m
  ↳ db/migrate/20201201171650_create_library_items.rb:3
  [1m[36mActiveRecord::SchemaMigration Create (0.3ms)[0m  [1m[32mINSERT INTO "schema_migrations" ("version") VALUES ($1) RETURNING "version"[0m  [["version", "20201201171650"]]
  ↳ bin/rails:9
  [1m[35m (0.8ms)[0m  [1m[35mCOMMIT[0m
  ↳ bin/rails:9
Migrating to CreateMangas (20201201172315)
  [1m[35m (0.1ms)[0m  [1m[35mBEGIN[0m
  ↳ bin/rails:9
  [1m[35m (3.7ms)[0m  [1m[35mCREATE TABLE "mangas" ("id" bigserial primary key, "title" character varying, "author" character varying, "description" text, "created_at" timestamp NOT NULL, "updated_at" timestamp NOT NULL)[0m
  ↳ db/migrate/20201201172315_create_mangas.rb:3
  [1m[36mActiveRecord::SchemaMigration Create (0.2ms)[0m  [1m[32mINSERT INTO "schema_migrations" ("version") VALUES ($1) RETURNING "version"[0m  [["version", "20201201172315"]]
  ↳ bin/rails:9
  [1m[35m (0.6ms)[0m  [1m[35mCOMMIT[0m
  ↳ bin/rails:9
  [1m[36mActiveRecord::InternalMetadata Load (0.3ms)[0m  [1m[34mSELECT  "ar_internal_metadata".* FROM "ar_internal_metadata" WHERE "ar_internal_metadata"."key" = $1 LIMIT $2[0m  [["key", "environment"], ["LIMIT", 1]]
  ↳ bin/rails:9
  [1m[35m (0.1ms)[0m  [1m[35mBEGIN[0m
  ↳ bin/rails:9
  [1m[36mActiveRecord::InternalMetadata Create (0.2ms)[0m  [1m[32mINSERT INTO "ar_internal_metadata" ("key", "value", "created_at", "updated_at") VALUES ($1, $2, $3, $4) RETURNING "key"[0m  [["key", "environment"], ["value", "development"], ["created_at", "2020-12-01 18:22:01.973001"], ["updated_at", "2020-12-01 18:22:01.973001"]]
  ↳ bin/rails:9
  [1m[35m (0.5ms)[0m  [1m[35mCOMMIT[0m
  ↳ bin/rails:9
  [1m[35m (0.1ms)[0m  [1m[34mSELECT pg_advisory_unlock(3359605203089069340)[0m
  ↳ bin/rails:9
  [1m[35m (0.1ms)[0m  [1m[34mSELECT "schema_migrations"."version" FROM "schema_migrations" ORDER BY "schema_migrations"."version" ASC[0m
  ↳ bin/rails:9
Started GET "/" for 127.0.0.1 at 2020-12-01 19:55:52 +0100
  [1m[35m (0.5ms)[0m  [1m[34mSELECT "schema_migrations"."version" FROM "schema_migrations" ORDER BY "schema_migrations"."version" ASC[0m
  ↳ /home/badgaga23/.rbenv/versions/2.7.1/lib/ruby/gems/2.7.0/gems/activerecord-5.2.4.4/lib/active_record/log_subscriber.rb:98
Processing by Rails::WelcomeController#index as HTML
  Rendering /home/badgaga23/.rbenv/versions/2.7.1/lib/ruby/gems/2.7.0/gems/railties-5.2.4.4/lib/rails/templates/rails/welcome/index.html.erb
  Rendered /home/badgaga23/.rbenv/versions/2.7.1/lib/ruby/gems/2.7.0/gems/railties-5.2.4.4/lib/rails/templates/rails/welcome/index.html.erb (1.9ms)
Completed 200 OK in 10ms (Views: 5.1ms | ActiveRecord: 0.0ms)


Started GET "/" for ::1 at 2020-12-02 09:37:32 +0100
Processing by Rails::WelcomeController#index as HTML
  Rendering /home/badgaga23/.rbenv/versions/2.7.1/lib/ruby/gems/2.7.0/gems/railties-5.2.4.4/lib/rails/templates/rails/welcome/index.html.erb
  Rendered /home/badgaga23/.rbenv/versions/2.7.1/lib/ruby/gems/2.7.0/gems/railties-5.2.4.4/lib/rails/templates/rails/welcome/index.html.erb (1.4ms)
Completed 200 OK in 3ms (Views: 2.1ms | ActiveRecord: 0.0ms)


Started GET "/" for ::1 at 2020-12-02 10:32:04 +0100
  [1m[35m (0.4ms)[0m  [1m[34mSELECT "schema_migrations"."version" FROM "schema_migrations" ORDER BY "schema_migrations"."version" ASC[0m
  ↳ /home/badgaga23/.rbenv/versions/2.7.1/lib/ruby/gems/2.7.0/gems/activerecord-5.2.4.4/lib/active_record/log_subscriber.rb:98
Processing by Rails::WelcomeController#index as HTML
  Rendering /home/badgaga23/.rbenv/versions/2.7.1/lib/ruby/gems/2.7.0/gems/railties-5.2.4.4/lib/rails/templates/rails/welcome/index.html.erb
  Rendered /home/badgaga23/.rbenv/versions/2.7.1/lib/ruby/gems/2.7.0/gems/railties-5.2.4.4/lib/rails/templates/rails/welcome/index.html.erb (1.8ms)
Completed 200 OK in 8ms (Views: 3.5ms | ActiveRecord: 0.0ms)


Started GET "/users/sign_in" for ::1 at 2020-12-02 10:32:14 +0100
Processing by Devise::SessionsController#new as HTML
  [1m[36mUser Load (0.4ms)[0m  [1m[34mSELECT  "users".* FROM "users" WHERE "users"."id" = $1 ORDER BY "users"."id" ASC LIMIT $2[0m  [["id", 1], ["LIMIT", 1]]
  ↳ /home/badgaga23/.rbenv/versions/2.7.1/lib/ruby/gems/2.7.0/gems/activerecord-5.2.4.4/lib/active_record/log_subscriber.rb:98
Redirected to http://localhost:3000/
Filter chain halted as :require_no_authentication rendered or redirected
Completed 302 Found in 100ms (ActiveRecord: 3.7ms)


Started GET "/" for ::1 at 2020-12-02 10:32:14 +0100
Processing by Rails::WelcomeController#index as HTML
  Rendering /home/badgaga23/.rbenv/versions/2.7.1/lib/ruby/gems/2.7.0/gems/railties-5.2.4.4/lib/rails/templates/rails/welcome/index.html.erb
  Rendered /home/badgaga23/.rbenv/versions/2.7.1/lib/ruby/gems/2.7.0/gems/railties-5.2.4.4/lib/rails/templates/rails/welcome/index.html.erb (1.5ms)
Completed 200 OK in 3ms (Views: 2.1ms | ActiveRecord: 0.0ms)


Started GET "/users/login" for ::1 at 2020-12-02 10:32:32 +0100
  
ActionController::RoutingError (No route matches [GET] "/users/login"):
  
actionpack (5.2.4.4) lib/action_dispatch/middleware/debug_exceptions.rb:65:in `call'
web-console (3.7.0) lib/web_console/middleware.rb:135:in `call_app'
web-console (3.7.0) lib/web_console/middleware.rb:30:in `block in call'
web-console (3.7.0) lib/web_console/middleware.rb:20:in `catch'
web-console (3.7.0) lib/web_console/middleware.rb:20:in `call'
actionpack (5.2.4.4) lib/action_dispatch/middleware/show_exceptions.rb:33:in `call'
railties (5.2.4.4) lib/rails/rack/logger.rb:38:in `call_app'
railties (5.2.4.4) lib/rails/rack/logger.rb:26:in `block in call'
activesupport (5.2.4.4) lib/active_support/tagged_logging.rb:71:in `block in tagged'
activesupport (5.2.4.4) lib/active_support/tagged_logging.rb:28:in `tagged'
activesupport (5.2.4.4) lib/active_support/tagged_logging.rb:71:in `tagged'
railties (5.2.4.4) lib/rails/rack/logger.rb:26:in `call'
sprockets-rails (3.2.2) lib/sprockets/rails/quiet_assets.rb:13:in `call'
actionpack (5.2.4.4) lib/action_dispatch/middleware/remote_ip.rb:81:in `call'
actionpack (5.2.4.4) lib/action_dispatch/middleware/request_id.rb:27:in `call'
rack (2.2.3) lib/rack/method_override.rb:24:in `call'
rack (2.2.3) lib/rack/runtime.rb:22:in `call'
activesupport (5.2.4.4) lib/active_support/cache/strategy/local_cache_middleware.rb:29:in `call'
actionpack (5.2.4.4) lib/action_dispatch/middleware/executor.rb:14:in `call'
actionpack (5.2.4.4) lib/action_dispatch/middleware/static.rb:127:in `call'
rack (2.2.3) lib/rack/sendfile.rb:110:in `call'
railties (5.2.4.4) lib/rails/engine.rb:524:in `call'
puma (3.12.6) lib/puma/configuration.rb:227:in `call'
puma (3.12.6) lib/puma/server.rb:706:in `handle_request'
puma (3.12.6) lib/puma/server.rb:476:in `process_client'
puma (3.12.6) lib/puma/server.rb:334:in `block in run'
puma (3.12.6) lib/puma/thread_pool.rb:135:in `block in spawn_thread'
Started GET "/users/sign_up" for ::1 at 2020-12-02 10:46:59 +0100
Processing by Devise::RegistrationsController#new as HTML
  [1m[36mUser Load (0.8ms)[0m  [1m[34mSELECT  "users".* FROM "users" WHERE "users"."id" = $1 ORDER BY "users"."id" ASC LIMIT $2[0m  [["id", 1], ["LIMIT", 1]]
  ↳ /home/badgaga23/.rbenv/versions/2.7.1/lib/ruby/gems/2.7.0/gems/activerecord-5.2.4.4/lib/active_record/log_subscriber.rb:98
Redirected to http://localhost:3000/
Filter chain halted as :require_no_authentication rendered or redirected
Completed 302 Found in 6ms (ActiveRecord: 1.1ms)


Started GET "/" for ::1 at 2020-12-02 10:46:59 +0100
Processing by Rails::WelcomeController#index as HTML
  Rendering /home/badgaga23/.rbenv/versions/2.7.1/lib/ruby/gems/2.7.0/gems/railties-5.2.4.4/lib/rails/templates/rails/welcome/index.html.erb
  Rendered /home/badgaga23/.rbenv/versions/2.7.1/lib/ruby/gems/2.7.0/gems/railties-5.2.4.4/lib/rails/templates/rails/welcome/index.html.erb (1.6ms)
Completed 200 OK in 3ms (Views: 2.3ms | ActiveRecord: 0.0ms)


Started GET "/users/sign_out" for ::1 at 2020-12-02 10:57:38 +0100
  
ActionController::RoutingError (No route matches [GET] "/users/sign_out"):
  
actionpack (5.2.4.4) lib/action_dispatch/middleware/debug_exceptions.rb:65:in `call'
web-console (3.7.0) lib/web_console/middleware.rb:135:in `call_app'
web-console (3.7.0) lib/web_console/middleware.rb:30:in `block in call'
web-console (3.7.0) lib/web_console/middleware.rb:20:in `catch'
web-console (3.7.0) lib/web_console/middleware.rb:20:in `call'
actionpack (5.2.4.4) lib/action_dispatch/middleware/show_exceptions.rb:33:in `call'
railties (5.2.4.4) lib/rails/rack/logger.rb:38:in `call_app'
railties (5.2.4.4) lib/rails/rack/logger.rb:26:in `block in call'
activesupport (5.2.4.4) lib/active_support/tagged_logging.rb:71:in `block in tagged'
activesupport (5.2.4.4) lib/active_support/tagged_logging.rb:28:in `tagged'
activesupport (5.2.4.4) lib/active_support/tagged_logging.rb:71:in `tagged'
railties (5.2.4.4) lib/rails/rack/logger.rb:26:in `call'
sprockets-rails (3.2.2) lib/sprockets/rails/quiet_assets.rb:13:in `call'
actionpack (5.2.4.4) lib/action_dispatch/middleware/remote_ip.rb:81:in `call'
actionpack (5.2.4.4) lib/action_dispatch/middleware/request_id.rb:27:in `call'
rack (2.2.3) lib/rack/method_override.rb:24:in `call'
rack (2.2.3) lib/rack/runtime.rb:22:in `call'
activesupport (5.2.4.4) lib/active_support/cache/strategy/local_cache_middleware.rb:29:in `call'
actionpack (5.2.4.4) lib/action_dispatch/middleware/executor.rb:14:in `call'
actionpack (5.2.4.4) lib/action_dispatch/middleware/static.rb:127:in `call'
rack (2.2.3) lib/rack/sendfile.rb:110:in `call'
railties (5.2.4.4) lib/rails/engine.rb:524:in `call'
puma (3.12.6) lib/puma/configuration.rb:227:in `call'
puma (3.12.6) lib/puma/server.rb:706:in `handle_request'
puma (3.12.6) lib/puma/server.rb:476:in `process_client'
puma (3.12.6) lib/puma/server.rb:334:in `block in run'
puma (3.12.6) lib/puma/thread_pool.rb:135:in `block in spawn_thread'
Started GET "/" for ::1 at 2020-12-02 10:59:06 +0100
Processing by Rails::WelcomeController#index as HTML
  Rendering /home/badgaga23/.rbenv/versions/2.7.1/lib/ruby/gems/2.7.0/gems/railties-5.2.4.4/lib/rails/templates/rails/welcome/index.html.erb
  Rendered /home/badgaga23/.rbenv/versions/2.7.1/lib/ruby/gems/2.7.0/gems/railties-5.2.4.4/lib/rails/templates/rails/welcome/index.html.erb (2.1ms)
Completed 200 OK in 4ms (Views: 2.8ms | ActiveRecord: 0.0ms)


Started GET "/users/sign_up" for ::1 at 2020-12-02 11:00:06 +0100
Processing by Devise::RegistrationsController#new as HTML
  [1m[36mUser Load (0.3ms)[0m  [1m[34mSELECT  "users".* FROM "users" WHERE "users"."id" = $1 ORDER BY "users"."id" ASC LIMIT $2[0m  [["id", 1], ["LIMIT", 1]]
  ↳ /home/badgaga23/.rbenv/versions/2.7.1/lib/ruby/gems/2.7.0/gems/activerecord-5.2.4.4/lib/active_record/log_subscriber.rb:98
Redirected to http://localhost:3000/
Filter chain halted as :require_no_authentication rendered or redirected
Completed 302 Found in 14ms (ActiveRecord: 4.3ms)


Started GET "/" for ::1 at 2020-12-02 11:00:06 +0100
Processing by Rails::WelcomeController#index as HTML
  Rendering /home/badgaga23/.rbenv/versions/2.7.1/lib/ruby/gems/2.7.0/gems/railties-5.2.4.4/lib/rails/templates/rails/welcome/index.html.erb
  Rendered /home/badgaga23/.rbenv/versions/2.7.1/lib/ruby/gems/2.7.0/gems/railties-5.2.4.4/lib/rails/templates/rails/welcome/index.html.erb (1.3ms)
Completed 200 OK in 3ms (Views: 2.1ms | ActiveRecord: 0.0ms)


Started GET "/users/sign_in" for ::1 at 2020-12-02 11:00:22 +0100
Processing by Devise::SessionsController#new as HTML
  [1m[36mUser Load (0.2ms)[0m  [1m[34mSELECT  "users".* FROM "users" WHERE "users"."id" = $1 ORDER BY "users"."id" ASC LIMIT $2[0m  [["id", 1], ["LIMIT", 1]]
  ↳ /home/badgaga23/.rbenv/versions/2.7.1/lib/ruby/gems/2.7.0/gems/activerecord-5.2.4.4/lib/active_record/log_subscriber.rb:98
Redirected to http://localhost:3000/
Filter chain halted as :require_no_authentication rendered or redirected
Completed 302 Found in 2ms (ActiveRecord: 0.2ms)


Started GET "/" for ::1 at 2020-12-02 11:00:22 +0100
Processing by Rails::WelcomeController#index as HTML
  Rendering /home/badgaga23/.rbenv/versions/2.7.1/lib/ruby/gems/2.7.0/gems/railties-5.2.4.4/lib/rails/templates/rails/welcome/index.html.erb
  Rendered /home/badgaga23/.rbenv/versions/2.7.1/lib/ruby/gems/2.7.0/gems/railties-5.2.4.4/lib/rails/templates/rails/welcome/index.html.erb (1.9ms)
Completed 200 OK in 4ms (Views: 2.7ms | ActiveRecord: 0.0ms)


Started GET "/users/sign_up" for ::1 at 2020-12-02 11:00:33 +0100
Processing by Devise::RegistrationsController#new as HTML
  [1m[36mUser Load (0.3ms)[0m  [1m[34mSELECT  "users".* FROM "users" WHERE "users"."id" = $1 ORDER BY "users"."id" ASC LIMIT $2[0m  [["id", 1], ["LIMIT", 1]]
  ↳ /home/badgaga23/.rbenv/versions/2.7.1/lib/ruby/gems/2.7.0/gems/activerecord-5.2.4.4/lib/active_record/log_subscriber.rb:98
Redirected to http://localhost:3000/
Filter chain halted as :require_no_authentication rendered or redirected
Completed 302 Found in 2ms (ActiveRecord: 0.3ms)


Started GET "/" for ::1 at 2020-12-02 11:00:33 +0100
Processing by Rails::WelcomeController#index as HTML
  Rendering /home/badgaga23/.rbenv/versions/2.7.1/lib/ruby/gems/2.7.0/gems/railties-5.2.4.4/lib/rails/templates/rails/welcome/index.html.erb
  Rendered /home/badgaga23/.rbenv/versions/2.7.1/lib/ruby/gems/2.7.0/gems/railties-5.2.4.4/lib/rails/templates/rails/welcome/index.html.erb (1.8ms)
Completed 200 OK in 5ms (Views: 3.4ms | ActiveRecord: 0.0ms)


Started GET "/" for ::1 at 2020-12-02 11:00:58 +0100
Processing by Rails::WelcomeController#index as HTML
  Rendering /home/badgaga23/.rbenv/versions/2.7.1/lib/ruby/gems/2.7.0/gems/railties-5.2.4.4/lib/rails/templates/rails/welcome/index.html.erb
  Rendered /home/badgaga23/.rbenv/versions/2.7.1/lib/ruby/gems/2.7.0/gems/railties-5.2.4.4/lib/rails/templates/rails/welcome/index.html.erb (1.5ms)
Completed 200 OK in 4ms (Views: 2.5ms | ActiveRecord: 0.0ms)


Started GET "/" for ::1 at 2020-12-02 11:00:59 +0100
Processing by Rails::WelcomeController#index as HTML
  Rendering /home/badgaga23/.rbenv/versions/2.7.1/lib/ruby/gems/2.7.0/gems/railties-5.2.4.4/lib/rails/templates/rails/welcome/index.html.erb
  Rendered /home/badgaga23/.rbenv/versions/2.7.1/lib/ruby/gems/2.7.0/gems/railties-5.2.4.4/lib/rails/templates/rails/welcome/index.html.erb (1.4ms)
Completed 200 OK in 3ms (Views: 2.0ms | ActiveRecord: 0.0ms)


Started GET "/users/sign_up" for ::1 at 2020-12-02 11:01:08 +0100
Processing by Devise::RegistrationsController#new as HTML
  [1m[36mUser Load (0.2ms)[0m  [1m[34mSELECT  "users".* FROM "users" WHERE "users"."id" = $1 ORDER BY "users"."id" ASC LIMIT $2[0m  [["id", 1], ["LIMIT", 1]]
  ↳ /home/badgaga23/.rbenv/versions/2.7.1/lib/ruby/gems/2.7.0/gems/activerecord-5.2.4.4/lib/active_record/log_subscriber.rb:98
Redirected to http://localhost:3000/
Filter chain halted as :require_no_authentication rendered or redirected
Completed 302 Found in 13ms (ActiveRecord: 3.4ms)


Started GET "/" for ::1 at 2020-12-02 11:01:08 +0100
Processing by Rails::WelcomeController#index as HTML
  Rendering /home/badgaga23/.rbenv/versions/2.7.1/lib/ruby/gems/2.7.0/gems/railties-5.2.4.4/lib/rails/templates/rails/welcome/index.html.erb
  Rendered /home/badgaga23/.rbenv/versions/2.7.1/lib/ruby/gems/2.7.0/gems/railties-5.2.4.4/lib/rails/templates/rails/welcome/index.html.erb (1.3ms)
Completed 200 OK in 3ms (Views: 2.1ms | ActiveRecord: 0.0ms)


Started GET "/users/sign_up" for ::1 at 2020-12-02 11:36:51 +0100
Processing by Devise::RegistrationsController#new as HTML
  [1m[36mUser Load (0.3ms)[0m  [1m[34mSELECT  "users".* FROM "users" WHERE "users"."id" = $1 ORDER BY "users"."id" ASC LIMIT $2[0m  [["id", 1], ["LIMIT", 1]]
  ↳ /home/badgaga23/.rbenv/versions/2.7.1/lib/ruby/gems/2.7.0/gems/activerecord-5.2.4.4/lib/active_record/log_subscriber.rb:98
Redirected to http://localhost:3000/
Filter chain halted as :require_no_authentication rendered or redirected
Completed 302 Found in 16ms (ActiveRecord: 5.2ms)


Started GET "/" for ::1 at 2020-12-02 11:36:51 +0100
Processing by Rails::WelcomeController#index as HTML
  Rendering /home/badgaga23/.rbenv/versions/2.7.1/lib/ruby/gems/2.7.0/gems/railties-5.2.4.4/lib/rails/templates/rails/welcome/index.html.erb
  Rendered /home/badgaga23/.rbenv/versions/2.7.1/lib/ruby/gems/2.7.0/gems/railties-5.2.4.4/lib/rails/templates/rails/welcome/index.html.erb (1.4ms)
Completed 200 OK in 3ms (Views: 2.0ms | ActiveRecord: 0.0ms)


  [1m[36mUser Load (0.3ms)[0m  [1m[34mSELECT  "users".* FROM "users" ORDER BY "users"."id" DESC LIMIT $1[0m  [["LIMIT", 1]]
  [1m[36mUser Load (0.2ms)[0m  [1m[34mSELECT  "users".* FROM "users" WHERE "users"."id" = $1 LIMIT $2[0m  [["id", 0], ["LIMIT", 1]]
  [1m[36mUser Load (0.3ms)[0m  [1m[34mSELECT  "users".* FROM "users" ORDER BY "users"."id" DESC LIMIT $1[0m  [["LIMIT", 1]]
  [1m[36mUser Load (0.4ms)[0m  [1m[34mSELECT  "users".* FROM "users" WHERE "users"."id" = $1 LIMIT $2[0m  [["id", 1], ["LIMIT", 1]]
  [1m[35m (0.1ms)[0m  [1m[35mBEGIN[0m
  [1m[36mUser Destroy (0.3ms)[0m  [1m[31mDELETE FROM "users" WHERE "users"."id" = $1[0m  [["id", 1]]
  [1m[35m (2.5ms)[0m  [1m[35mCOMMIT[0m
Started GET "/" for ::1 at 2020-12-02 11:41:45 +0100
Processing by Rails::WelcomeController#index as HTML
  Rendering /home/badgaga23/.rbenv/versions/2.7.1/lib/ruby/gems/2.7.0/gems/railties-5.2.4.4/lib/rails/templates/rails/welcome/index.html.erb
  Rendered /home/badgaga23/.rbenv/versions/2.7.1/lib/ruby/gems/2.7.0/gems/railties-5.2.4.4/lib/rails/templates/rails/welcome/index.html.erb (2.3ms)
Completed 200 OK in 5ms (Views: 3.4ms | ActiveRecord: 0.0ms)


Started GET "/users/sign_up" for ::1 at 2020-12-02 11:41:51 +0100
Processing by Devise::RegistrationsController#new as HTML
  [1m[36mUser Load (0.4ms)[0m  [1m[34mSELECT  "users".* FROM "users" WHERE "users"."id" = $1 ORDER BY "users"."id" ASC LIMIT $2[0m  [["id", 1], ["LIMIT", 1]]
  ↳ /home/badgaga23/.rbenv/versions/2.7.1/lib/ruby/gems/2.7.0/gems/activerecord-5.2.4.4/lib/active_record/log_subscriber.rb:98
  Rendering users/registrations/new.html.erb within layouts/application
  Rendered users/shared/_links.html.erb (0.9ms)
  Rendered users/registrations/new.html.erb within layouts/application (27.5ms)
Completed 200 OK in 206ms (Views: 198.4ms | ActiveRecord: 0.4ms)


Started GET "/users/sign_in" for ::1 at 2020-12-02 11:44:18 +0100
Processing by Devise::SessionsController#new as HTML
  Rendering users/sessions/new.html.erb within layouts/application
  Rendered users/shared/_links.html.erb (1.2ms)
  Rendered users/sessions/new.html.erb within layouts/application (9.4ms)
Completed 200 OK in 23ms (Views: 21.4ms | ActiveRecord: 0.0ms)


Started GET "/users/sign_in" for ::1 at 2020-12-02 11:57:16 +0100
Processing by Devise::SessionsController#new as HTML
  Rendering users/sessions/new.html.erb within layouts/application
  Rendered users/shared/_links.html.erb (0.7ms)
  Rendered users/sessions/new.html.erb within layouts/application (10.6ms)
Completed 200 OK in 21ms (Views: 20.2ms | ActiveRecord: 0.0ms)


Started GET "/users/sign_up" for ::1 at 2020-12-02 11:57:26 +0100
Processing by Devise::RegistrationsController#new as HTML
  Rendering users/registrations/new.html.erb within layouts/application
  Rendered users/shared/_links.html.erb (0.6ms)
  Rendered users/registrations/new.html.erb within layouts/application (5.7ms)
Completed 200 OK in 17ms (Views: 15.8ms | ActiveRecord: 0.0ms)


Started GET "/users/sign_in" for ::1 at 2020-12-02 11:57:41 +0100
Processing by Devise::SessionsController#new as HTML
  Rendering users/sessions/new.html.erb within layouts/application
  Rendered users/shared/_links.html.erb (1.8ms)
  Rendered users/sessions/new.html.erb within layouts/application (9.9ms)
Completed 200 OK in 22ms (Views: 21.4ms | ActiveRecord: 0.0ms)


Started GET "/users/sign_in" for ::1 at 2020-12-02 11:58:20 +0100
Processing by Devise::SessionsController#new as HTML
  Rendering users/sessions/new.html.erb within layouts/application
  Rendered users/shared/_links.html.erb (1.1ms)
  Rendered users/sessions/new.html.erb within layouts/application (8.1ms)
Completed 200 OK in 18ms (Views: 17.5ms | ActiveRecord: 0.0ms)


Started GET "/users/sign_in" for ::1 at 2020-12-02 11:58:23 +0100
Processing by Devise::SessionsController#new as HTML
  Rendering users/sessions/new.html.erb within layouts/application
  Rendered users/shared/_links.html.erb (0.8ms)
  Rendered users/sessions/new.html.erb within layouts/application (8.2ms)
Completed 200 OK in 20ms (Views: 19.2ms | ActiveRecord: 0.0ms)


Started GET "/users/sign_in" for ::1 at 2020-12-02 11:59:09 +0100
Processing by Devise::SessionsController#new as HTML
  Rendering users/sessions/new.html.erb within layouts/application
  Rendered users/shared/_links.html.erb (0.9ms)
  Rendered users/sessions/new.html.erb within layouts/application (8.0ms)
Completed 200 OK in 20ms (Views: 19.1ms | ActiveRecord: 0.0ms)


Started GET "/users/sign_" for ::1 at 2020-12-02 11:59:43 +0100
  
ActionController::RoutingError (No route matches [GET] "/users/sign_"):
  
actionpack (5.2.4.4) lib/action_dispatch/middleware/debug_exceptions.rb:65:in `call'
web-console (3.7.0) lib/web_console/middleware.rb:135:in `call_app'
web-console (3.7.0) lib/web_console/middleware.rb:30:in `block in call'
web-console (3.7.0) lib/web_console/middleware.rb:20:in `catch'
web-console (3.7.0) lib/web_console/middleware.rb:20:in `call'
actionpack (5.2.4.4) lib/action_dispatch/middleware/show_exceptions.rb:33:in `call'
railties (5.2.4.4) lib/rails/rack/logger.rb:38:in `call_app'
railties (5.2.4.4) lib/rails/rack/logger.rb:26:in `block in call'
activesupport (5.2.4.4) lib/active_support/tagged_logging.rb:71:in `block in tagged'
activesupport (5.2.4.4) lib/active_support/tagged_logging.rb:28:in `tagged'
activesupport (5.2.4.4) lib/active_support/tagged_logging.rb:71:in `tagged'
railties (5.2.4.4) lib/rails/rack/logger.rb:26:in `call'
sprockets-rails (3.2.2) lib/sprockets/rails/quiet_assets.rb:13:in `call'
actionpack (5.2.4.4) lib/action_dispatch/middleware/remote_ip.rb:81:in `call'
actionpack (5.2.4.4) lib/action_dispatch/middleware/request_id.rb:27:in `call'
rack (2.2.3) lib/rack/method_override.rb:24:in `call'
rack (2.2.3) lib/rack/runtime.rb:22:in `call'
activesupport (5.2.4.4) lib/active_support/cache/strategy/local_cache_middleware.rb:29:in `call'
actionpack (5.2.4.4) lib/action_dispatch/middleware/executor.rb:14:in `call'
actionpack (5.2.4.4) lib/action_dispatch/middleware/static.rb:127:in `call'
rack (2.2.3) lib/rack/sendfile.rb:110:in `call'
railties (5.2.4.4) lib/rails/engine.rb:524:in `call'
puma (3.12.6) lib/puma/configuration.rb:227:in `call'
puma (3.12.6) lib/puma/server.rb:706:in `handle_request'
puma (3.12.6) lib/puma/server.rb:476:in `process_client'
puma (3.12.6) lib/puma/server.rb:334:in `block in run'
puma (3.12.6) lib/puma/thread_pool.rb:135:in `block in spawn_thread'
Started GET "/users/sign_up" for ::1 at 2020-12-02 12:05:36 +0100
Processing by Devise::RegistrationsController#new as HTML
  Rendering users/registrations/new.html.erb within layouts/application
  Rendered users/shared/_links.html.erb (0.8ms)
  Rendered users/registrations/new.html.erb within layouts/application (7.1ms)
Completed 200 OK in 17ms (Views: 16.2ms | ActiveRecord: 0.0ms)


Started GET "/users/sign_in" for ::1 at 2020-12-02 12:05:44 +0100
Processing by Devise::SessionsController#new as HTML
  Rendering users/sessions/new.html.erb within layouts/application
  Rendered users/shared/_links.html.erb (1.7ms)
  Rendered users/sessions/new.html.erb within layouts/application (8.9ms)
Completed 200 OK in 19ms (Views: 18.3ms | ActiveRecord: 0.0ms)


Started GET "/users/sign_in" for ::1 at 2020-12-02 12:11:08 +0100
Processing by Devise::SessionsController#new as HTML
  Rendering users/sessions/new.html.erb within layouts/application
  Rendered users/shared/_links.html.erb (0.9ms)
  Rendered users/sessions/new.html.erb within layouts/application (8.6ms)
Completed 200 OK in 20ms (Views: 19.0ms | ActiveRecord: 0.0ms)


Started GET "/users/sign_in" for ::1 at 2020-12-02 12:27:12 +0100
Processing by Devise::SessionsController#new as HTML
  Rendering users/sessions/new.html.erb within layouts/application
  Rendered users/shared/_links.html.erb (0.8ms)
  Rendered users/sessions/new.html.erb within layouts/application (7.9ms)
Completed 200 OK in 22ms (Views: 20.6ms | ActiveRecord: 0.0ms)


Started GET "/users/sign_out" for ::1 at 2020-12-02 12:27:30 +0100
  
ActionController::RoutingError (No route matches [GET] "/users/sign_out"):
  
actionpack (5.2.4.4) lib/action_dispatch/middleware/debug_exceptions.rb:65:in `call'
web-console (3.7.0) lib/web_console/middleware.rb:135:in `call_app'
web-console (3.7.0) lib/web_console/middleware.rb:30:in `block in call'
web-console (3.7.0) lib/web_console/middleware.rb:20:in `catch'
web-console (3.7.0) lib/web_console/middleware.rb:20:in `call'
actionpack (5.2.4.4) lib/action_dispatch/middleware/show_exceptions.rb:33:in `call'
railties (5.2.4.4) lib/rails/rack/logger.rb:38:in `call_app'
railties (5.2.4.4) lib/rails/rack/logger.rb:26:in `block in call'
activesupport (5.2.4.4) lib/active_support/tagged_logging.rb:71:in `block in tagged'
activesupport (5.2.4.4) lib/active_support/tagged_logging.rb:28:in `tagged'
activesupport (5.2.4.4) lib/active_support/tagged_logging.rb:71:in `tagged'
railties (5.2.4.4) lib/rails/rack/logger.rb:26:in `call'
sprockets-rails (3.2.2) lib/sprockets/rails/quiet_assets.rb:13:in `call'
actionpack (5.2.4.4) lib/action_dispatch/middleware/remote_ip.rb:81:in `call'
actionpack (5.2.4.4) lib/action_dispatch/middleware/request_id.rb:27:in `call'
rack (2.2.3) lib/rack/method_override.rb:24:in `call'
rack (2.2.3) lib/rack/runtime.rb:22:in `call'
activesupport (5.2.4.4) lib/active_support/cache/strategy/local_cache_middleware.rb:29:in `call'
actionpack (5.2.4.4) lib/action_dispatch/middleware/executor.rb:14:in `call'
actionpack (5.2.4.4) lib/action_dispatch/middleware/static.rb:127:in `call'
rack (2.2.3) lib/rack/sendfile.rb:110:in `call'
railties (5.2.4.4) lib/rails/engine.rb:524:in `call'
puma (3.12.6) lib/puma/configuration.rb:227:in `call'
puma (3.12.6) lib/puma/server.rb:706:in `handle_request'
puma (3.12.6) lib/puma/server.rb:476:in `process_client'
puma (3.12.6) lib/puma/server.rb:334:in `block in run'
puma (3.12.6) lib/puma/thread_pool.rb:135:in `block in spawn_thread'
Started GET "/users/sign_up" for ::1 at 2020-12-02 12:27:49 +0100
Processing by Devise::RegistrationsController#new as HTML
  Rendering users/registrations/new.html.erb within layouts/application
  Rendered users/shared/_links.html.erb (0.7ms)
  Rendered users/registrations/new.html.erb within layouts/application (8.2ms)
Completed 200 OK in 18ms (Views: 17.4ms | ActiveRecord: 0.0ms)


Started GET "/users/sign_in" for ::1 at 2020-12-02 12:30:54 +0100
Processing by Devise::SessionsController#new as HTML
  Rendering users/sessions/new.html.erb within layouts/application
  Rendered users/shared/_links.html.erb (0.9ms)
  Rendered users/sessions/new.html.erb within layouts/application (8.5ms)
Completed 200 OK in 21ms (Views: 19.9ms | ActiveRecord: 0.0ms)


Started GET "/users/edit" for ::1 at 2020-12-02 12:35:05 +0100
Processing by Devise::RegistrationsController#edit as HTML
Completed 401 Unauthorized in 0ms (ActiveRecord: 0.0ms)


Started GET "/users/sign_in" for ::1 at 2020-12-02 12:35:05 +0100
Processing by Devise::SessionsController#new as HTML
  Rendering users/sessions/new.html.erb within layouts/application
  Rendered users/shared/_links.html.erb (0.8ms)
  Rendered users/sessions/new.html.erb within layouts/application (9.5ms)
Completed 200 OK in 23ms (Views: 21.7ms | ActiveRecord: 0.0ms)


Started GET "/users/sign_in" for ::1 at 2020-12-02 14:06:46 +0100
Processing by Devise::SessionsController#new as HTML
  Rendering users/sessions/new.html.erb within layouts/application
  Rendered users/shared/_links.html.erb (0.8ms)
  Rendered users/sessions/new.html.erb within layouts/application (7.7ms)
Completed 200 OK in 20ms (Views: 18.9ms | ActiveRecord: 0.0ms)


Started GET "/users/edit" for ::1 at 2020-12-02 14:06:55 +0100
Processing by Devise::RegistrationsController#edit as HTML
Completed 401 Unauthorized in 0ms (ActiveRecord: 0.0ms)


Started GET "/users/sign_in" for ::1 at 2020-12-02 14:06:55 +0100
Processing by Devise::SessionsController#new as HTML
  Rendering users/sessions/new.html.erb within layouts/application
  Rendered users/shared/_links.html.erb (0.9ms)
  Rendered users/sessions/new.html.erb within layouts/application (8.5ms)
Completed 200 OK in 20ms (Views: 19.0ms | ActiveRecord: 0.0ms)


Started GET "/users/sign_in" for ::1 at 2020-12-02 14:18:13 +0100
Processing by Devise::SessionsController#new as HTML
  Rendering users/sessions/new.html.erb within layouts/application
  Rendered users/shared/_links.html.erb (0.7ms)
  Rendered users/sessions/new.html.erb within layouts/application (7.0ms)
Completed 200 OK in 17ms (Views: 16.5ms | ActiveRecord: 0.0ms)


Started GET "/users/sign_in" for ::1 at 2020-12-02 14:18:14 +0100
Processing by Devise::SessionsController#new as HTML
  Rendering users/sessions/new.html.erb within layouts/application
  Rendered users/shared/_links.html.erb (0.9ms)
  Rendered users/sessions/new.html.erb within layouts/application (9.5ms)
Completed 200 OK in 24ms (Views: 23.0ms | ActiveRecord: 0.0ms)


Started GET "/users/edit" for ::1 at 2020-12-02 14:19:17 +0100
Processing by Devise::RegistrationsController#edit as HTML
Completed 401 Unauthorized in 1ms (ActiveRecord: 0.0ms)


Started GET "/users/sign_in" for ::1 at 2020-12-02 14:19:17 +0100
Processing by Devise::SessionsController#new as HTML
  Rendering users/sessions/new.html.erb within layouts/application
  Rendered users/shared/_links.html.erb (0.8ms)
  Rendered users/sessions/new.html.erb within layouts/application (14.6ms)
Completed 200 OK in 29ms (Views: 27.4ms | ActiveRecord: 0.0ms)


Started GET "/users/sign_up" for ::1 at 2020-12-02 14:19:30 +0100
Processing by Devise::RegistrationsController#new as HTML
  Rendering users/registrations/new.html.erb within layouts/application
  Rendered users/shared/_links.html.erb (0.9ms)
  Rendered users/registrations/new.html.erb within layouts/application (8.5ms)
Completed 200 OK in 21ms (Views: 20.0ms | ActiveRecord: 0.0ms)


Started GET "/users/sign_up" for ::1 at 2020-12-02 14:40:14 +0100
Processing by Devise::RegistrationsController#new as HTML
  Rendering users/registrations/new.html.erb within layouts/application
  Rendered users/shared/_links.html.erb (0.7ms)
  Rendered users/registrations/new.html.erb within layouts/application (7.4ms)
Completed 200 OK in 19ms (Views: 18.0ms | ActiveRecord: 0.0ms)


Started GET "/users/edit" for ::1 at 2020-12-02 14:40:26 +0100
Processing by Devise::RegistrationsController#edit as HTML
Completed 401 Unauthorized in 1ms (ActiveRecord: 0.0ms)


Started GET "/users/sign_in" for ::1 at 2020-12-02 14:40:26 +0100
Processing by Devise::SessionsController#new as HTML
  Rendering users/sessions/new.html.erb within layouts/application
  Rendered users/shared/_links.html.erb (0.7ms)
  Rendered users/sessions/new.html.erb within layouts/application (7.2ms)
Completed 200 OK in 17ms (Views: 16.2ms | ActiveRecord: 0.0ms)


Started GET "/users/destroy" for ::1 at 2020-12-02 14:41:04 +0100
  
ActionController::RoutingError (No route matches [GET] "/users/destroy"):
  
actionpack (5.2.4.4) lib/action_dispatch/middleware/debug_exceptions.rb:65:in `call'
web-console (3.7.0) lib/web_console/middleware.rb:135:in `call_app'
web-console (3.7.0) lib/web_console/middleware.rb:30:in `block in call'
web-console (3.7.0) lib/web_console/middleware.rb:20:in `catch'
web-console (3.7.0) lib/web_console/middleware.rb:20:in `call'
actionpack (5.2.4.4) lib/action_dispatch/middleware/show_exceptions.rb:33:in `call'
railties (5.2.4.4) lib/rails/rack/logger.rb:38:in `call_app'
railties (5.2.4.4) lib/rails/rack/logger.rb:26:in `block in call'
activesupport (5.2.4.4) lib/active_support/tagged_logging.rb:71:in `block in tagged'
activesupport (5.2.4.4) lib/active_support/tagged_logging.rb:28:in `tagged'
activesupport (5.2.4.4) lib/active_support/tagged_logging.rb:71:in `tagged'
railties (5.2.4.4) lib/rails/rack/logger.rb:26:in `call'
sprockets-rails (3.2.2) lib/sprockets/rails/quiet_assets.rb:13:in `call'
actionpack (5.2.4.4) lib/action_dispatch/middleware/remote_ip.rb:81:in `call'
actionpack (5.2.4.4) lib/action_dispatch/middleware/request_id.rb:27:in `call'
rack (2.2.3) lib/rack/method_override.rb:24:in `call'
rack (2.2.3) lib/rack/runtime.rb:22:in `call'
activesupport (5.2.4.4) lib/active_support/cache/strategy/local_cache_middleware.rb:29:in `call'
actionpack (5.2.4.4) lib/action_dispatch/middleware/executor.rb:14:in `call'
actionpack (5.2.4.4) lib/action_dispatch/middleware/static.rb:127:in `call'
rack (2.2.3) lib/rack/sendfile.rb:110:in `call'
railties (5.2.4.4) lib/rails/engine.rb:524:in `call'
puma (3.12.6) lib/puma/configuration.rb:227:in `call'
puma (3.12.6) lib/puma/server.rb:706:in `handle_request'
puma (3.12.6) lib/puma/server.rb:476:in `process_client'
puma (3.12.6) lib/puma/server.rb:334:in `block in run'
puma (3.12.6) lib/puma/thread_pool.rb:135:in `block in spawn_thread'
Started GET "/users/sign_in" for ::1 at 2020-12-02 14:41:38 +0100
Processing by Devise::SessionsController#new as HTML
  Rendering users/sessions/new.html.erb within layouts/application
  Rendered users/shared/_links.html.erb (0.8ms)
  Rendered users/sessions/new.html.erb within layouts/application (8.7ms)
Completed 200 OK in 19ms (Views: 18.6ms | ActiveRecord: 0.0ms)


Started GET "/users/edit" for ::1 at 2020-12-02 14:41:51 +0100
Processing by Devise::RegistrationsController#edit as HTML
Completed 401 Unauthorized in 1ms (ActiveRecord: 0.0ms)


Started GET "/users/sign_in" for ::1 at 2020-12-02 14:41:51 +0100
Processing by Devise::SessionsController#new as HTML
  Rendering users/sessions/new.html.erb within layouts/application
  Rendered users/shared/_links.html.erb (0.8ms)
  Rendered users/sessions/new.html.erb within layouts/application (7.6ms)
Completed 200 OK in 21ms (Views: 19.4ms | ActiveRecord: 0.0ms)


Started GET "/users/sign_in" for ::1 at 2020-12-02 14:42:04 +0100
Processing by Devise::SessionsController#new as HTML
  Rendering users/sessions/new.html.erb within layouts/application
  Rendered users/shared/_links.html.erb (0.8ms)
  Rendered users/sessions/new.html.erb within layouts/application (7.7ms)
Completed 200 OK in 19ms (Views: 17.7ms | ActiveRecord: 0.0ms)


Started GET "/users/edit" for ::1 at 2020-12-02 14:42:19 +0100
Processing by Devise::RegistrationsController#edit as HTML
Completed 401 Unauthorized in 1ms (ActiveRecord: 0.0ms)


Started GET "/users/sign_in" for ::1 at 2020-12-02 14:42:19 +0100
Processing by Devise::SessionsController#new as HTML
  Rendering users/sessions/new.html.erb within layouts/application
  Rendered users/shared/_links.html.erb (0.8ms)
  Rendered users/sessions/new.html.erb within layouts/application (9.6ms)
Completed 200 OK in 24ms (Views: 22.7ms | ActiveRecord: 0.0ms)


Started GET "/users/sign_up" for ::1 at 2020-12-02 14:42:31 +0100
Processing by Devise::RegistrationsController#new as HTML
  Rendering users/registrations/new.html.erb within layouts/application
  Rendered users/shared/_links.html.erb (0.7ms)
  Rendered users/registrations/new.html.erb within layouts/application (7.5ms)
Completed 200 OK in 22ms (Views: 21.0ms | ActiveRecord: 0.0ms)


Started GET "/users/sign_up" for ::1 at 2020-12-02 14:43:01 +0100
Processing by Devise::RegistrationsController#new as HTML
  Rendering users/registrations/new.html.erb within layouts/application
  Rendered users/shared/_links.html.erb (0.7ms)
  Rendered users/registrations/new.html.erb within layouts/application (9.0ms)
Completed 200 OK in 22ms (Views: 21.0ms | ActiveRecord: 0.0ms)


Started GET "/users/sign_up" for ::1 at 2020-12-02 14:43:34 +0100
Processing by Devise::RegistrationsController#new as HTML
  Rendering users/registrations/new.html.erb within layouts/application
  Rendered users/shared/_links.html.erb (0.8ms)
  Rendered users/registrations/new.html.erb within layouts/application (8.3ms)
Completed 200 OK in 19ms (Views: 18.2ms | ActiveRecord: 0.0ms)


Started GET "/users/sign_in" for ::1 at 2020-12-02 14:43:49 +0100
Processing by Devise::SessionsController#new as HTML
  Rendering users/sessions/new.html.erb within layouts/application
  Rendered users/shared/_links.html.erb (0.7ms)
  Rendered users/sessions/new.html.erb within layouts/application (8.7ms)
Completed 200 OK in 22ms (Views: 21.6ms | ActiveRecord: 0.0ms)


Started GET "/users/sign_in" for ::1 at 2020-12-02 14:45:25 +0100
Processing by Devise::SessionsController#new as HTML
  Rendering users/sessions/new.html.erb within layouts/application
  Rendered users/shared/_links.html.erb (1.0ms)
  Rendered users/sessions/new.html.erb within layouts/application (10.3ms)
Completed 200 OK in 22ms (Views: 21.5ms | ActiveRecord: 0.0ms)


Started GET "/users/edit" for ::1 at 2020-12-02 14:45:41 +0100
Processing by Devise::RegistrationsController#edit as HTML
Completed 401 Unauthorized in 0ms (ActiveRecord: 0.0ms)


Started GET "/users/sign_in" for ::1 at 2020-12-02 14:45:41 +0100
Processing by Devise::SessionsController#new as HTML
  Rendering users/sessions/new.html.erb within layouts/application
  Rendered users/shared/_links.html.erb (0.7ms)
  Rendered users/sessions/new.html.erb within layouts/application (11.0ms)
Completed 200 OK in 20ms (Views: 19.4ms | ActiveRecord: 0.0ms)


Started GET "/" for ::1 at 2020-12-02 18:54:18 +0100
  [1m[35m (0.8ms)[0m  [1m[34mSELECT "schema_migrations"."version" FROM "schema_migrations" ORDER BY "schema_migrations"."version" ASC[0m
  ↳ /Users/victoriapiazzalonga/.rvm/gems/ruby-2.7.1/gems/activerecord-5.2.4.4/lib/active_record/log_subscriber.rb:98
Processing by StaticPagesController#index as HTML
  Parameters: {"page"=>"home"}
  Rendering static_pages/index.html.erb within layouts/application
  [1m[36mUser Load (0.7ms)[0m  [1m[34mSELECT  "users".* FROM "users" WHERE "users"."id" = $1 ORDER BY "users"."id" ASC LIMIT $2[0m  [["id", 1], ["LIMIT", 1]]
  ↳ app/views/shared/_navbar.html.erb:15
  Rendered shared/_navbar.html.erb (32.7ms)
  Rendered static_pages/index.html.erb within layouts/application (35.5ms)
Completed 500 Internal Server Error in 48ms (ActiveRecord: 5.8ms)


  
ActionView::Template::Error (undefined method `is_admin' for #<User:0x00007fe61e2248e8>
Did you mean?  is_a?):
    12: 
    13: 
    14:     <ul class="navbar-nav ml-auto">
    15:     <% if current_user && current_user.is_admin == true%>
    16:     <li class="nav-item active">
    17:       <a class="nav-link" <%= link_to 'Dashboard Admin', admin_orders_path%></a>
    18:     </li>
  
app/views/shared/_navbar.html.erb:15:in `_app_views_shared__navbar_html_erb__1159106006712400492_67000'
app/views/static_pages/index.html.erb:2:in `_app_views_static_pages_index_html_erb__1264167203776303762_66980'
Started GET "/" for ::1 at 2020-12-02 18:55:07 +0100
Processing by StaticPagesController#index as HTML
  Parameters: {"page"=>"home"}
  Rendering static_pages/index.html.erb within layouts/application
  [1m[36mUser Load (0.4ms)[0m  [1m[34mSELECT  "users".* FROM "users" WHERE "users"."id" = $1 ORDER BY "users"."id" ASC LIMIT $2[0m  [["id", 1], ["LIMIT", 1]]
  ↳ app/views/shared/_navbar.html.erb:16
  Rendered shared/_navbar.html.erb (11.5ms)
  Rendered static_pages/index.html.erb within layouts/application (13.7ms)
Completed 500 Internal Server Error in 19ms (ActiveRecord: 0.4ms)


  
ActionView::Template::Error (undefined method `carts' for #<User:0x00007fe619a45b30>):
    22:           <a class="dropdown-item menu-nav" <%= link_to "Profil", user_path(current_user) %></a>
    23:         </div>
    24:       </li>
    25:       <% if current_user.carts[0] %>
    26:         <li class="mx-3 pt-2 text-secondary"><%= link_to ('<i class="fas fa-shopping-cart fa-lg"></i>').html_safe, cart_path(current_user.carts.last) ,class:"text-secondary" %></li>
    27:       <% end %>
    28:       <% else %>
  
app/views/shared/_navbar.html.erb:25:in `_app_views_shared__navbar_html_erb__1159106006712400492_67760'
app/views/static_pages/index.html.erb:2:in `_app_views_static_pages_index_html_erb__1264167203776303762_67740'
Started GET "/" for ::1 at 2020-12-02 18:55:24 +0100
Processing by StaticPagesController#index as HTML
  Parameters: {"page"=>"home"}
  Rendering static_pages/index.html.erb within layouts/application
  [1m[36mUser Load (0.4ms)[0m  [1m[34mSELECT  "users".* FROM "users" WHERE "users"."id" = $1 ORDER BY "users"."id" ASC LIMIT $2[0m  [["id", 1], ["LIMIT", 1]]
  ↳ app/views/shared/_navbar.html.erb:16
  Rendered shared/_navbar.html.erb (277.7ms)
  Rendered static_pages/index.html.erb within layouts/application (341.3ms)
Completed 200 OK in 3220ms (Views: 3217.8ms | ActiveRecord: 0.4ms)


Started GET "/mangas/new" for ::1 at 2020-12-02 18:55:48 +0100
  
SyntaxError (/Users/victoriapiazzalonga/Google Drive/THP_Project/Projet d'équipe/kasu_project/app/controllers/mangas_controller.rb:6: syntax error, unexpected <<
<<<<<<< HEAD
^~
/Users/victoriapiazzalonga/Google Drive/THP_Project/Projet d'équipe/kasu_project/app/controllers/mangas_controller.rb:21: syntax error, unexpected ===, expecting `end'
=======
^~~
/Users/victoriapiazzalonga/Google Drive/THP_Project/Projet d'équipe/kasu_project/app/controllers/mangas_controller.rb:31: syntax error, unexpected >>
>>>>>>> develop
^~
/Users/victoriapiazzalonga/Google Drive/THP_Project/Projet d'équipe/kasu_project/app/controllers/mangas_controller.rb:39: syntax error, unexpected <<, expecting `end'
<<<<<<< HEAD
^~
/Users/victoriapiazzalonga/Google Drive/THP_Project/Projet d'équipe/kasu_project/app/controllers/mangas_controller.rb:47: syntax error, unexpected ===, expecting `end'
=======
^~~
):
  
app/controllers/mangas_controller.rb:6: syntax error, unexpected <<
app/controllers/mangas_controller.rb:21: syntax error, unexpected ===, expecting `end'
app/controllers/mangas_controller.rb:31: syntax error, unexpected >>
app/controllers/mangas_controller.rb:39: syntax error, unexpected <<, expecting `end'
app/controllers/mangas_controller.rb:47: syntax error, unexpected ===, expecting `end'
Started GET "/mangas/new" for ::1 at 2020-12-02 18:56:25 +0100
Processing by MangasController#new as HTML
  Rendering mangas/new.html.erb within layouts/application
  Rendered mangas/new.html.erb within layouts/application (251.6ms)
Completed 200 OK in 319ms (Views: 280.5ms | ActiveRecord: 12.9ms)


Started POST "/mangas" for ::1 at 2020-12-02 18:56:46 +0100
Processing by MangasController#create as HTML
  Parameters: {"utf8"=>"✓", "authenticity_token"=>"St6XmiT/PtgJ80zQg7sUaq19oHTQ0Dz5zNtnNcbM+Ev05SccC8FUnnENk6+c74RkLaQNpq8lTzv6EWyeXG54rA==", "manga"=>{"title"=>"Mon 3e manga", "author"=>"Iam", "description"=>"Pas d'image"}, "commit"=>"Create Manga"}
  [1m[35m (0.3ms)[0m  [1m[35mBEGIN[0m
  ↳ app/controllers/mangas_controller.rb:14
  [1m[36mManga Create (0.9ms)[0m  [1m[32mINSERT INTO "mangas" ("title", "author", "description", "created_at", "updated_at") VALUES ($1, $2, $3, $4, $5) RETURNING "id"[0m  [["title", "Mon 3e manga"], ["author", "Iam"], ["description", "Pas d'image"], ["created_at", "2020-12-02 17:56:46.128413"], ["updated_at", "2020-12-02 17:56:46.128413"]]
  ↳ app/controllers/mangas_controller.rb:14
  [1m[35m (7.9ms)[0m  [1m[35mCOMMIT[0m
  ↳ app/controllers/mangas_controller.rb:14
Redirected to http://localhost:3000/mangas/3
Completed 302 Found in 16ms (ActiveRecord: 9.1ms)


Started GET "/mangas/3" for ::1 at 2020-12-02 18:56:46 +0100
Processing by MangasController#show as HTML
  Parameters: {"id"=>"3"}
  [1m[36mManga Load (0.4ms)[0m  [1m[34mSELECT  "mangas".* FROM "mangas" WHERE "mangas"."id" = $1 LIMIT $2[0m  [["id", 3], ["LIMIT", 1]]
  ↳ app/controllers/mangas_controller.rb:6
  Rendering mangas/show.html.erb within layouts/application
  [1m[36mActiveStorage::Attachment Load (1.1ms)[0m  [1m[34mSELECT  "active_storage_attachments".* FROM "active_storage_attachments" WHERE "active_storage_attachments"."record_id" = $1 AND "active_storage_attachments"."record_type" = $2 AND "active_storage_attachments"."name" = $3 LIMIT $4[0m  [["record_id", 3], ["record_type", "Manga"], ["name", "cover"], ["LIMIT", 1]]
  ↳ app/views/mangas/show.html.erb:1
  Rendered mangas/show.html.erb within layouts/application (10.2ms)
Completed 200 OK in 43ms (Views: 34.5ms | ActiveRecord: 4.0ms)


